<?xml version="1.0" encoding="UTF-8"?>
<!-- Generated by org.testng.reporters.JUnitReportReporter -->
<testsuite ignored="0" hostname="ustjava28" failures="0" tests="1" name="com.experitest.auto.AndroidDemoTest" time="29.870" errors="0" timestamp="09 Nov 2021 11:29:45 GMT" skipped="0">
  <testcase classname="com.experitest.auto.AndroidDemoTest" name="test" time="29.870"/>
</testsuite> <!-- com.experitest.auto.AndroidDemoTest -->
