<?xml version="1.0" encoding="UTF-8"?>
<!-- Generated by org.testng.reporters.JUnitReportReporter -->
<testsuite hostname="ustjava28" name="example.NewTest" tests="1" failures="0" timestamp="29 Oct 2021 10:24:12 GMT" time="6.270" errors="0">
  <testcase name="testEasy" time="6.270" classname="example.NewTest"/>
</testsuite> <!-- example.NewTest -->
